2015-04-13 11:52:29,597 - Trying to use logger class org.apache.velocity.runtime.log.SimpleLog4JLogSystem
2015-04-13 11:52:29,597 - Using logger class org.apache.velocity.runtime.log.SimpleLog4JLogSystem
2015-04-13 11:52:29,617 - Default ResourceManager initializing. (class org.apache.velocity.runtime.resource.ResourceManagerImpl)
2015-04-13 11:52:29,621 - Resource Loader Instantiated: org.apache.velocity.runtime.resource.loader.ClasspathResourceLoader
2015-04-13 11:52:29,621 - ClasspathResourceLoader : initialization starting.
2015-04-13 11:52:29,621 - ClasspathResourceLoader : initialization complete.
2015-04-13 11:52:29,625 - ResourceCache : initialized. (class org.apache.velocity.runtime.resource.ResourceCacheImpl)
2015-04-13 11:52:29,625 - Default ResourceManager initialization complete.
2015-04-13 11:52:29,633 - Loaded System Directive: org.apache.velocity.runtime.directive.Literal
2015-04-13 11:52:29,637 - Loaded System Directive: org.apache.velocity.runtime.directive.Macro
2015-04-13 11:52:29,641 - Loaded System Directive: org.apache.velocity.runtime.directive.Parse
2015-04-13 11:52:29,645 - Loaded System Directive: org.apache.velocity.runtime.directive.Include
2015-04-13 11:52:29,645 - Loaded System Directive: org.apache.velocity.runtime.directive.Foreach
2015-04-13 11:52:29,701 - Created: 20 parsers.
2015-04-13 11:52:29,717 - Velocimacro : initialization starting.
2015-04-13 11:52:29,717 - Velocimacro : adding VMs from VM library template : VM_global_library.vm
2015-04-13 11:52:29,733 - ResourceManager : unable to find resource 'VM_global_library.vm' in any resource loader.
2015-04-13 11:52:29,733 - Velocimacro : error using  VM library template VM_global_library.vm : org.apache.velocity.exception.ResourceNotFoundException: Unable to find resource 'VM_global_library.vm'
2015-04-13 11:52:29,733 - Velocimacro :  VM library template macro registration complete.
2015-04-13 11:52:29,733 - Velocimacro : allowInline = true : VMs can be defined inline in templates
2015-04-13 11:52:29,733 - Velocimacro : allowInlineToOverride = false : VMs defined inline may NOT replace previous VM definitions
2015-04-13 11:52:29,733 - Velocimacro : allowInlineLocal = false : VMs defined inline will be  global in scope if allowed.
2015-04-13 11:52:29,733 - Velocimacro : messages on  : VM system will output logging messages
2015-04-13 11:52:29,733 - Velocimacro : autoload off  : VM system will not automatically reload global library macros
2015-04-13 11:52:29,733 - Velocimacro : initialization complete.
2015-04-13 11:52:29,733 - Velocity successfully started.
